<?xml version="1.0" encoding="UTF-8"?>
<!-- Generated by org.testng.reporters.JUnitReportReporter -->
<testsuite hostname="USER-PC" failures="0" tests="2" name="io.sgp.TestLayer.LoginPageTest" time="49.792" errors="0" timestamp="2023-01-18T19:52:23 IST" skipped="0">
  <testcase classname="io.sgp.TestLayer.LoginPageTest" name="verifyLogin" time="27.391"/>
  <system-out/>
  <testcase classname="io.sgp.TestLayer.LoginPageTest" name="verifyAmountSorted" time="22.401"/>
  <system-out/>
</testsuite> <!-- io.sgp.TestLayer.LoginPageTest -->
