<?xml version="1.0" encoding="UTF-8"?>
<!-- Generated by org.testng.reporters.JUnitReportReporter -->
<testsuite hostname="USER-PC" failures="0" tests="2" name="io.sgp.TestLayer.PageTest" time="92.543" errors="0" timestamp="2023-01-19T00:13:56 IST" skipped="0">
  <testcase classname="io.sgp.TestLayer.PageTest" name="verifyLogin" time="65.743"/>
  <system-out/>
  <testcase classname="io.sgp.TestLayer.PageTest" name="verifyAmountSorted" time="26.800"/>
  <system-out/>
</testsuite> <!-- io.sgp.TestLayer.PageTest -->
